Orio_Project/app/build/intermediates/manifest_merge_blame_file/debug/manifest-merger-blame-debug-report.txt
1<?xml version="1.0" encoding="utf-8"?>
2<manifest xmlns:android="http://schemas.android.com/apk/res/android"
3    package="com.orio.Orio"
4    android:versionCode="1"
5    android:versionName="1.0" >
6
7    <uses-sdk
8        android:minSdkVersion="23"
8-->src\main\AndroidManifest.xml
9        android:targetSdkVersion="30" />
9-->src\main\AndroidManifest.xml
10
11    <uses-permission android:name="android.permission.INTERNET" />
11-->src\main\AndroidManifest.xml:5:5-83
11-->src\main\AndroidManifest.xml:5:22-64
12
13    <!-- Although the *SdkVersion is captured in gradle build files, this is required for non gradle builds -->
14    <!-- <uses-sdk android:minSdkVersion="14"/> -->
15    <uses-permission android:name="android.permission.ACCESS_NETWORK_STATE" />
15-->[com.google.firebase:firebase-database:19.6.0] AndroidManifest.xml:25:5-79
15-->[com.google.firebase:firebase-database:19.6.0] AndroidManifest.xml:25:22-76
16
17    <application
17-->src\main\AndroidManifest.xml:6:5-25:19
18        android:allowBackup="true"
18-->src\main\AndroidManifest.xml:7:9-35
19        android:appComponentFactory="androidx.core.app.CoreComponentFactory"
19-->[androidx.core:core:1.3.2] AndroidManifest.xml:24:18-86
20        android:debuggable="true"
21        android:extractNativeLibs="false"
22        android:icon="@mipmap/ic_launcher"
22-->src\main\AndroidManifest.xml:8:9-43
23        android:label="@string/app_name"
23-->src\main\AndroidManifest.xml:9:9-41
24        android:roundIcon="@mipmap/ic_launcher_round"
24-->src\main\AndroidManifest.xml:10:9-54
25        android:supportsRtl="true"
25-->src\main\AndroidManifest.xml:11:9-35
26        android:testOnly="true"
27        android:theme="@style/Theme.Orio" >
27-->src\main\AndroidManifest.xml:12:9-42
28        <activity
28-->src\main\AndroidManifest.xml:13:9-22:20
29            android:name="com.orio.Orio.MainActivity"
29-->src\main\AndroidManifest.xml:14:13-41
30            android:label="@string/app_name"
30-->src\main\AndroidManifest.xml:15:13-45
31            android:theme="@style/Theme.Orio.NoActionBar" >
31-->src\main\AndroidManifest.xml:16:13-58
32            <intent-filter>
32-->src\main\AndroidManifest.xml:17:13-21:29
33                <action android:name="android.intent.action.MAIN" />
33-->src\main\AndroidManifest.xml:18:17-69
33-->src\main\AndroidManifest.xml:18:25-66
34
35                <category android:name="android.intent.category.LAUNCHER" />
35-->src\main\AndroidManifest.xml:20:17-77
35-->src\main\AndroidManifest.xml:20:27-74
36            </intent-filter>
37        </activity>
38        <activity android:name="com.orio.Orio.show_customer" />
38-->src\main\AndroidManifest.xml:23:9-60
38-->src\main\AndroidManifest.xml:23:19-48
39        <activity android:name="com.orio.Orio.add_customer" />
39-->src\main\AndroidManifest.xml:24:9-59
39-->src\main\AndroidManifest.xml:24:19-47
40
41        <service
41-->[com.google.firebase:firebase-database:19.6.0] AndroidManifest.xml:29:9-35:19
42            android:name="com.google.firebase.components.ComponentDiscoveryService"
42-->[com.google.firebase:firebase-database:19.6.0] AndroidManifest.xml:30:13-84
43            android:directBootAware="true"
43-->[com.google.firebase:firebase-common:19.5.0] AndroidManifest.xml:35:13-43
44            android:exported="false" >
44-->[com.google.firebase:firebase-database:19.6.0] AndroidManifest.xml:31:13-37
45            <meta-data
45-->[com.google.firebase:firebase-database:19.6.0] AndroidManifest.xml:32:13-34:85
46                android:name="com.google.firebase.components:com.google.firebase.database.DatabaseRegistrar"
46-->[com.google.firebase:firebase-database:19.6.0] AndroidManifest.xml:33:17-109
47                android:value="com.google.firebase.components.ComponentRegistrar" />
47-->[com.google.firebase:firebase-database:19.6.0] AndroidManifest.xml:34:17-82
48            <!--
49                This registrar is not defined in the dynamic-module-support sdk itself to allow non-firebase
50                clients to use it as well, by defining this registrar in their own core/common library.
51            -->
52            <meta-data
52-->[com.google.firebase:firebase-common:19.5.0] AndroidManifest.xml:43:13-45:85
53                android:name="com.google.firebase.components:com.google.firebase.dynamicloading.DynamicLoadingRegistrar"
53-->[com.google.firebase:firebase-common:19.5.0] AndroidManifest.xml:44:17-121
54                android:value="com.google.firebase.components.ComponentRegistrar" />
54-->[com.google.firebase:firebase-common:19.5.0] AndroidManifest.xml:45:17-82
55        </service>
56
57        <activity
57-->[com.google.android.gms:play-services-base:17.0.0] AndroidManifest.xml:23:9-26:75
58            android:name="com.google.android.gms.common.api.GoogleApiActivity"
58-->[com.google.android.gms:play-services-base:17.0.0] AndroidManifest.xml:24:13-79
59            android:exported="false"
59-->[com.google.android.gms:play-services-base:17.0.0] AndroidManifest.xml:25:13-37
60            android:theme="@android:style/Theme.Translucent.NoTitleBar" />
60-->[com.google.android.gms:play-services-base:17.0.0] AndroidManifest.xml:26:13-72
61
62        <provider
62-->[com.google.firebase:firebase-common:19.5.0] AndroidManifest.xml:26:9-31:39
63            android:name="com.google.firebase.provider.FirebaseInitProvider"
63-->[com.google.firebase:firebase-common:19.5.0] AndroidManifest.xml:27:13-77
64            android:authorities="com.orio.Orio.firebaseinitprovider"
64-->[com.google.firebase:firebase-common:19.5.0] AndroidManifest.xml:28:13-72
65            android:directBootAware="true"
65-->[com.google.firebase:firebase-common:19.5.0] AndroidManifest.xml:29:13-43
66            android:exported="false"
66-->[com.google.firebase:firebase-common:19.5.0] AndroidManifest.xml:30:13-37
67            android:initOrder="100" />
67-->[com.google.firebase:firebase-common:19.5.0] AndroidManifest.xml:31:13-36
68
69        <meta-data
69-->[com.google.android.gms:play-services-basement:17.0.0] AndroidManifest.xml:23:9-25:69
70            android:name="com.google.android.gms.version"
70-->[com.google.android.gms:play-services-basement:17.0.0] AndroidManifest.xml:24:13-58
71            android:value="@integer/google_play_services_version" />
71-->[com.google.android.gms:play-services-basement:17.0.0] AndroidManifest.xml:25:13-66
72    </application>
73
74</manifest>